HOA/app/build/intermediates/manifest_merge_blame_file/debug/manifest-merger-blame-debug-report.txt
1<?xml version="1.0" encoding="utf-8"?>
2<manifest xmlns:android="http://schemas.android.com/apk/res/android"
3    package="com.CS480.hoa"
4    android:versionCode="1"
5    android:versionName="1.0" >
6
7    <uses-sdk
8        android:minSdkVersion="15"
8-->src\main\AndroidManifest.xml
9        android:targetSdkVersion="29" />
9-->src\main\AndroidManifest.xml
10
11    <uses-permission android:name="android.permission.INTERNET" />
11-->src\main\AndroidManifest.xml:5:5-67
11-->src\main\AndroidManifest.xml:5:22-64
12    <uses-permission android:name="android.permission.CAMERA" />
12-->src\main\AndroidManifest.xml:6:5-65
12-->src\main\AndroidManifest.xml:6:22-62
13
14    <application
14-->src\main\AndroidManifest.xml:8:5-46:19
15        android:allowBackup="true"
15-->src\main\AndroidManifest.xml:9:9-35
16        android:appComponentFactory="androidx.core.app.CoreComponentFactory"
16-->[androidx.core:core:1.1.0] AndroidManifest.xml:24:18-86
17        android:debuggable="true"
18        android:icon="@mipmap/ic_launcher"
18-->src\main\AndroidManifest.xml:10:9-43
19        android:label="@string/app_name"
19-->src\main\AndroidManifest.xml:11:9-41
20        android:roundIcon="@mipmap/ic_launcher_round"
20-->src\main\AndroidManifest.xml:12:9-54
21        android:supportsRtl="true"
21-->src\main\AndroidManifest.xml:13:9-35
22        android:testOnly="true"
23        android:theme="@style/AppTheme" >
23-->src\main\AndroidManifest.xml:14:9-40
24        <activity android:name="com.CS480.hoa.ViewCommentsActivity" />
24-->src\main\AndroidManifest.xml:15:9-67
24-->src\main\AndroidManifest.xml:15:19-55
25        <activity android:name="com.CS480.hoa.BlankActivity" />
25-->src\main\AndroidManifest.xml:16:9-51
25-->src\main\AndroidManifest.xml:16:19-48
26        <activity
26-->src\main\AndroidManifest.xml:17:9-19:63
27            android:name="com.CS480.hoa.EditRulesAndPoliciesActivity"
27-->src\main\AndroidManifest.xml:18:13-57
28            android:parentActivityName="com.CS480.hoa.AdminMainActivity" />
28-->src\main\AndroidManifest.xml:19:13-60
29        <activity
29-->src\main\AndroidManifest.xml:20:9-22:67
30            android:name="com.CS480.hoa.ViewRulesAndPoliciesActivity"
30-->src\main\AndroidManifest.xml:21:13-57
31            android:parentActivityName="com.CS480.hoa.HomeOwnerMainActivity" />
31-->src\main\AndroidManifest.xml:22:13-64
32        <activity
32-->src\main\AndroidManifest.xml:23:9-25:63
33            android:name="com.CS480.hoa.EditHomeOwnerActivity"
33-->src\main\AndroidManifest.xml:24:13-50
34            android:parentActivityName="com.CS480.hoa.AdminMainActivity" />
34-->src\main\AndroidManifest.xml:25:13-60
35        <activity android:name="com.CS480.hoa.WorkOrderViewActivity" />
35-->src\main\AndroidManifest.xml:26:9-59
35-->src\main\AndroidManifest.xml:26:19-56
36        <activity
36-->src\main\AndroidManifest.xml:27:9-29:67
37            android:name="com.CS480.hoa.CreateNewWorkOrderActivity"
37-->src\main\AndroidManifest.xml:28:13-55
38            android:parentActivityName="com.CS480.hoa.HomeOwnerMainActivity" />
38-->src\main\AndroidManifest.xml:29:13-64
39        <activity
39-->src\main\AndroidManifest.xml:30:9-32:59
40            android:name="com.CS480.hoa.AdminMainActivity"
40-->src\main\AndroidManifest.xml:31:13-46
41            android:parentActivityName="com.CS480.hoa.LoginActivity" />
41-->src\main\AndroidManifest.xml:32:13-56
42        <activity
42-->src\main\AndroidManifest.xml:33:9-35:59
43            android:name="com.CS480.hoa.HomeOwnerMainActivity"
43-->src\main\AndroidManifest.xml:34:13-50
44            android:parentActivityName="com.CS480.hoa.LoginActivity" />
44-->src\main\AndroidManifest.xml:35:13-56
45        <activity
45-->src\main\AndroidManifest.xml:36:9-38:59
46            android:name="com.CS480.hoa.CreateNewHomeOwnerActivity"
46-->src\main\AndroidManifest.xml:37:13-55
47            android:parentActivityName="com.CS480.hoa.LoginActivity" />
47-->src\main\AndroidManifest.xml:38:13-56
48        <activity android:name="com.CS480.hoa.LoginActivity" >
48-->src\main\AndroidManifest.xml:39:9-45:20
48-->src\main\AndroidManifest.xml:39:19-48
49            <intent-filter>
49-->src\main\AndroidManifest.xml:40:13-44:29
50                <action android:name="android.intent.action.MAIN" />
50-->src\main\AndroidManifest.xml:41:17-69
50-->src\main\AndroidManifest.xml:41:25-66
51
52                <category android:name="android.intent.category.LAUNCHER" />
52-->src\main\AndroidManifest.xml:43:17-77
52-->src\main\AndroidManifest.xml:43:27-74
53            </intent-filter>
54        </activity>
55    </application>
56
57</manifest>